<?xml version="1.0" encoding="UTF-8"?>
<testng-results ignored="0" total="1" passed="1" failed="0" skipped="0">
  <reporter-output>
  </reporter-output>
  <suite started-at="2025-12-02T23:38:39 IST" name="Suite" finished-at="2025-12-02T23:38:49 IST" duration-ms="9424">
    <groups>
    </groups>
    <test started-at="2025-12-02T23:38:39 IST" name="Test" finished-at="2025-12-02T23:38:49 IST" duration-ms="9424">
      <class name="testCases.TC001_LoginTest">
        <test-method is-config="true" signature="setup(java.lang.String,java.lang.String)[pri:0, instance:testCases.TC001_LoginTest@3a93b025]" started-at="2025-12-02T23:38:39 IST" name="setup" finished-at="2025-12-02T23:38:48 IST" duration-ms="8413" status="PASS">
          <params>
            <param index="0">
              <value>
                <![CDATA[Windows]]>
              </value>
            </param>
            <param index="1">
              <value>
                <![CDATA[chrome]]>
              </value>
            </param>
          </params>
          <reporter-output>
          </reporter-output>
        </test-method> <!-- setup -->
        <test-method signature="verify_login()[pri:0, instance:testCases.TC001_LoginTest@3a93b025]" started-at="2025-12-02T23:38:48 IST" name="verify_login" finished-at="2025-12-02T23:38:49 IST" duration-ms="684" status="PASS">
          <reporter-output>
          </reporter-output>
        </test-method> <!-- verify_login -->
        <test-method is-config="true" signature="tearDown()[pri:0, instance:testCases.TC001_LoginTest@3a93b025]" started-at="2025-12-02T23:38:49 IST" name="tearDown" finished-at="2025-12-02T23:38:49 IST" duration-ms="249" status="PASS">
          <reporter-output>
          </reporter-output>
        </test-method> <!-- tearDown -->
      </class> <!-- testCases.TC001_LoginTest -->
    </test> <!-- Test -->
  </suite> <!-- Suite -->
</testng-results>
